<?xml version="1.0" encoding="UTF-8"?>
<!-- Generated by org.testng.reporters.JUnitReportReporter -->
<testsuite hostname="WINCTRL-BKLIGP2" failures="0" tests="1" name="TestNG.Demo4" time="0.027" errors="0" timestamp="2023-01-14T15:45:40 IST" skipped="0">
  <testcase classname="TestNG.Demo4" name="TC5" time="0.027"/>
  <system-out>
    <![CDATA[Running TC5]]>
  </system-out>
</testsuite> <!-- TestNG.Demo4 -->
