<?xml version="1.0" encoding="UTF-8"?>
<!-- Generated by org.testng.reporters.JUnitReportReporter -->
<testsuite hostname="WINCTRL-BKLIGP2" failures="0" tests="2" name="TestNG.Annotations1" time="0.017" errors="0" timestamp="2023-01-12T18:49:24 IST" skipped="0">
  <testcase classname="TestNG.Annotations1" name="TC2" time="0.005"/>
  <system-out>
    <![CDATA[Running TC2]]>
  </system-out>
  <testcase classname="TestNG.Annotations1" name="TC1" time="0.012"/>
  <system-out>
    <![CDATA[Running TC1]]>
  </system-out>
</testsuite> <!-- TestNG.Annotations1 -->
