<?xml version="1.0" encoding="UTF-8"?>
<!-- Generated by org.testng.reporters.JUnitReportReporter -->
<testsuite hostname="WINCTRL-BKLIGP2" failures="0" tests="1" name="TestNG.TestNG_Class" time="5.147" errors="0" timestamp="2023-01-12T15:22:37 IST" skipped="0">
  <testcase classname="TestNG.TestNG_Class" name="OpenBrowser" time="5.147"/>
  <system-out/>
</testsuite> <!-- TestNG.TestNG_Class -->
