<?xml version="1.0" encoding="UTF-8"?>
<!-- Generated by org.testng.reporters.JUnitReportReporter -->
<testsuite hostname="WINCTRL-BKLIGP2" failures="0" tests="2" name="TestNG.keyword9" time="3.035" errors="0" timestamp="2023-01-12T18:16:46 IST" skipped="0">
  <testcase classname="TestNG.keyword9" name="TC1" time="3.028"/>
  <system-out>
    <![CDATA[Running TC1]]>
  </system-out>
  <testcase classname="TestNG.keyword9" name="TC2" time="0.007"/>
  <system-out>
    <![CDATA[Running TC2]]>
  </system-out>
</testsuite> <!-- TestNG.keyword9 -->
