<?xml version="1.0" encoding="UTF-8"?>
<!-- Generated by org.testng.reporters.JUnitReportReporter -->
<testsuite hostname="WINCTRL-BKLIGP2" failures="0" tests="1" name="TestNG.keyword1" time="0.021" errors="0" timestamp="2023-01-12T16:12:45 IST" skipped="0">
  <testcase classname="TestNG.keyword1" name="TC1" time="0.021"/>
  <system-out>
    <![CDATA[Running TC1]]>
  </system-out>
</testsuite> <!-- TestNG.keyword1 -->
