<?xml version="1.0" encoding="UTF-8"?>
<!-- Generated by org.testng.reporters.JUnitReportReporter -->
<testsuite hostname="WINCTRL-BKLIGP2" failures="0" tests="2" name="TestNG.Demo2" time="0.011" errors="0" timestamp="2023-01-14T15:40:24 IST" skipped="0">
  <testcase classname="TestNG.Demo2" name="TC1" time="0.007"/>
  <system-out>
    <![CDATA[Running TC1]]>
  </system-out>
  <testcase classname="TestNG.Demo2" name="TC2" time="0.004"/>
  <system-out>
    <![CDATA[Running TC2]]>
  </system-out>
</testsuite> <!-- TestNG.Demo2 -->
