<?xml version="1.0" encoding="UTF-8"?>
<!-- Generated by org.testng.reporters.JUnitReportReporter -->
<testsuite hostname="WINCTRL-BKLIGP2" failures="0" tests="2" name="TestNG.multibrowser" time="54.629" errors="0" timestamp="2023-01-16T22:20:03 IST" skipped="0">
  <testcase classname="TestNG.multibrowser" name="TC1" time="30.067"/>
  <system-out/>
  <testcase classname="TestNG.multibrowser" name="TC1" time="24.562"/>
  <system-out/>
</testsuite> <!-- TestNG.multibrowser -->
