<?xml version="1.0" encoding="UTF-8"?>
<!-- Generated by org.testng.reporters.JUnitReportReporter -->
<testsuite hostname="WINCTRL-BKLIGP2" failures="0" tests="2" name="TestNG.keyword7" time="0.021" errors="0" timestamp="2023-01-12T16:28:25 IST" skipped="1">
  <testcase classname="TestNG.keyword7" name="TC2" time="0.021"/>
  <system-out>
    <![CDATA[Running TC2]]>
  </system-out>
  <testcase classname="TestNG.keyword7" name="TC1">
    <skipped/>
  </testcase> <!-- TC1 -->
  <system-out/>
</testsuite> <!-- TestNG.keyword7 -->
