<?xml version="1.0" encoding="UTF-8"?>
<!-- Generated by org.testng.reporters.JUnitReportReporter -->
<testsuite hostname="WINCTRL-BKLIGP2" failures="0" tests="2" name="TestNG.keyword8" time="0.030" errors="0" timestamp="2023-01-12T18:33:33 IST" skipped="0">
  <testcase classname="TestNG.keyword8" name="logout" time="0.003"/>
  <system-out>
    <![CDATA[logout TC]]>
  </system-out>
  <testcase classname="TestNG.keyword8" name="login" time="0.027"/>
  <system-out>
    <![CDATA[login TC]]>
  </system-out>
</testsuite> <!-- TestNG.keyword8 -->
