<?xml version="1.0" encoding="UTF-8"?>
<!-- Generated by org.testng.reporters.JUnitReportReporter -->
<testsuite hostname="WINCTRL-BKLIGP2" failures="0" tests="4" name="TestNG.Emailable_report" time="0.029" errors="0" timestamp="2023-01-12T16:17:54 IST" skipped="0">
  <testcase classname="TestNG.Emailable_report" name="TC2" time="0.004"/>
  <system-out>
    <![CDATA[Running TC2]]>
  </system-out>
  <testcase classname="TestNG.Emailable_report" name="TC3" time="0.003"/>
  <system-out>
    <![CDATA[Running TC3]]>
  </system-out>
  <testcase classname="TestNG.Emailable_report" name="TC4" time="0.002"/>
  <system-out/>
  <testcase classname="TestNG.Emailable_report" name="TC1" time="0.020"/>
  <system-out>
    <![CDATA[Running TC1]]>
  </system-out>
</testsuite> <!-- TestNG.Emailable_report -->
