<?xml version="1.0" encoding="UTF-8"?>
<!-- Generated by org.testng.reporters.JUnitReportReporter -->
<testsuite hostname="WINCTRL-BKLIGP2" failures="0" tests="4" name="TestNG.Keyword4" time="0.028" errors="0" timestamp="2023-01-09T00:44:18 IST" skipped="0">
  <testcase classname="TestNG.Keyword4" name="TC4" time="0.002"/>
  <system-out>
    <![CDATA[Running TC4]]>
  </system-out>
  <testcase classname="TestNG.Keyword4" name="TC3" time="0.019"/>
  <system-out>
    <![CDATA[Running TC3]]>
  </system-out>
  <testcase classname="TestNG.Keyword4" name="TC2" time="0.003"/>
  <system-out>
    <![CDATA[Running TC2]]>
  </system-out>
  <testcase classname="TestNG.Keyword4" name="TC1" time="0.004"/>
  <system-out>
    <![CDATA[Running TC1]]>
  </system-out>
</testsuite> <!-- TestNG.Keyword4 -->
